<?xml version="1.0" encoding="UTF-8"?>
<testsuite xmlns:xsi="http://www.w3.org/2001/XMLSchema-instance" xsi:noNamespaceSchemaLocation="https://maven.apache.org/surefire/maven-surefire-plugin/xsd/surefire-test-report-3.0.xsd" version="3.0" name="cn.iocoder.yudao.framework.datapermission.core.db.DataPermissionRuleHandlerTest" time="0.163" tests="23" errors="0" skipped="0" failures="0">
  <properties>
[...]
</properties>
  <testcase name="selectRightJoin" classname="cn.iocoder.yudao.framework.datapermission.core.db.DataPermissionRuleHandlerTest" time="0.074">
    <system-out><![CDATA[18:57:58.708 [main] DEBUG org.apache.ibatis.logging.LogFactory - Logging initialized using 'class org.apache.ibatis.logging.slf4j.Slf4jImpl' adapter.
18:57:58.709 [main] DEBUG com.baomidou.mybatisplus.extension.plugins.inner.DataPermissionInterceptor - original SQL: SELECT * FROM entity e right join entity1 e1 on e1.id = e.id
18:57:58.743 [main] DEBUG com.baomidou.mybatisplus.extension.plugins.inner.DataPermissionInterceptor - SQL to parse, SQL: SELECT * FROM entity e right join entity1 e1 on e1.id = e.id
18:57:58.745 [main] DEBUG com.baomidou.mybatisplus.extension.plugins.inner.DataPermissionInterceptor - parse the finished SQL: SELECT * FROM entity e RIGHT JOIN entity1 e1 ON e1.id = e.id AND e.tenant_id = 1 WHERE e1.tenant_id = 1
18:57:58.745 [main] DEBUG com.baomidou.mybatisplus.extension.plugins.inner.DataPermissionInterceptor - original SQL: SELECT * FROM with_as_1 e right join entity1 e1 on e1.id = e.id
18:57:58.746 [main] DEBUG com.baomidou.mybatisplus.extension.plugins.inner.DataPermissionInterceptor - SQL to parse, SQL: SELECT * FROM with_as_1 e right join entity1 e1 on e1.id = e.id
18:57:58.746 [main] DEBUG com.baomidou.mybatisplus.extension.plugins.inner.DataPermissionInterceptor - parse the finished SQL: SELECT * FROM with_as_1 e RIGHT JOIN entity1 e1 ON e1.id = e.id WHERE e1.tenant_id = 1
18:57:58.746 [main] DEBUG com.baomidou.mybatisplus.extension.plugins.inner.DataPermissionInterceptor - original SQL: SELECT * FROM entity e right join entity1 e1 on e1.id = e.id WHERE e.id = ? OR e.name = ?
18:57:58.747 [main] DEBUG com.baomidou.mybatisplus.extension.plugins.inner.DataPermissionInterceptor - SQL to parse, SQL: SELECT * FROM entity e right join entity1 e1 on e1.id = e.id WHERE e.id = ? OR e.name = ?
18:57:58.748 [main] DEBUG com.baomidou.mybatisplus.extension.plugins.inner.DataPermissionInterceptor - parse the finished SQL: SELECT * FROM entity e RIGHT JOIN entity1 e1 ON e1.id = e.id AND e.tenant_id = 1 WHERE (e.id = ? OR e.name = ?) AND e1.tenant_id = 1
18:57:58.748 [main] DEBUG com.baomidou.mybatisplus.extension.plugins.inner.DataPermissionInterceptor - original SQL: SELECT * FROM entity e right join entity1 e1 on e1.id = e.id right join entity2 e2 on e1.id = e2.id 
18:57:58.749 [main] DEBUG com.baomidou.mybatisplus.extension.plugins.inner.DataPermissionInterceptor - SQL to parse, SQL: SELECT * FROM entity e right join entity1 e1 on e1.id = e.id right join entity2 e2 on e1.id = e2.id 
18:57:58.749 [main] DEBUG com.baomidou.mybatisplus.extension.plugins.inner.DataPermissionInterceptor - parse the finished SQL: SELECT * FROM entity e RIGHT JOIN entity1 e1 ON e1.id = e.id AND e.tenant_id = 1 RIGHT JOIN entity2 e2 ON e1.id = e2.id AND e1.tenant_id = 1 WHERE e2.tenant_id = 1
]]></system-out>
  </testcase>
  <testcase name="selectFromSelect" classname="cn.iocoder.yudao.framework.datapermission.core.db.DataPermissionRuleHandlerTest" time="0.004">
    <system-out><![CDATA[18:57:58.751 [main] DEBUG com.baomidou.mybatisplus.extension.plugins.inner.DataPermissionInterceptor - original SQL: SELECT * FROM (select e.id from entity e WHERE e.id = (select e1.id from entity1 e1 where e1.id = ?))
18:57:58.753 [main] DEBUG com.baomidou.mybatisplus.extension.plugins.inner.DataPermissionInterceptor - SQL to parse, SQL: SELECT * FROM (select e.id from entity e WHERE e.id = (select e1.id from entity1 e1 where e1.id = ?))
18:57:58.754 [main] DEBUG com.baomidou.mybatisplus.extension.plugins.inner.DataPermissionInterceptor - parse the finished SQL: SELECT * FROM (SELECT e.id FROM entity e WHERE e.id = (SELECT e1.id FROM entity1 e1 WHERE e1.id = ? AND e1.tenant_id = 1) AND e.tenant_id = 1)
]]></system-out>
  </testcase>
  <testcase name="selectLeftJoin" classname="cn.iocoder.yudao.framework.datapermission.core.db.DataPermissionRuleHandlerTest" time="0.01">
    <system-out><![CDATA[18:57:58.756 [main] DEBUG com.baomidou.mybatisplus.extension.plugins.inner.DataPermissionInterceptor - original SQL: SELECT * FROM entity e left join entity1 e1 on e1.id = e.id WHERE e.id = ? OR e.name = ?
18:57:58.758 [main] DEBUG com.baomidou.mybatisplus.extension.plugins.inner.DataPermissionInterceptor - SQL to parse, SQL: SELECT * FROM entity e left join entity1 e1 on e1.id = e.id WHERE e.id = ? OR e.name = ?
18:57:58.758 [main] DEBUG com.baomidou.mybatisplus.extension.plugins.inner.DataPermissionInterceptor - parse the finished SQL: SELECT * FROM entity e LEFT JOIN entity1 e1 ON e1.id = e.id AND e1.tenant_id = 1 WHERE (e.id = ? OR e.name = ?) AND e.tenant_id = 1
18:57:58.758 [main] DEBUG com.baomidou.mybatisplus.extension.plugins.inner.DataPermissionInterceptor - original SQL: SELECT * FROM entity e left join entity1 e1 on e1.id = e.id WHERE (e.id = ? OR e.name = ?)
18:57:58.761 [main] DEBUG com.baomidou.mybatisplus.extension.plugins.inner.DataPermissionInterceptor - SQL to parse, SQL: SELECT * FROM entity e left join entity1 e1 on e1.id = e.id WHERE (e.id = ? OR e.name = ?)
18:57:58.762 [main] DEBUG com.baomidou.mybatisplus.extension.plugins.inner.DataPermissionInterceptor - parse the finished SQL: SELECT * FROM entity e LEFT JOIN entity1 e1 ON e1.id = e.id AND e1.tenant_id = 1 WHERE (e.id = ? OR e.name = ?) AND e.tenant_id = 1
18:57:58.762 [main] DEBUG com.baomidou.mybatisplus.extension.plugins.inner.DataPermissionInterceptor - original SQL: SELECT * FROM entity e left join entity1 e1 on e1.id = e.id left join entity2 e2 on e1.id = e2.id
18:57:58.765 [main] DEBUG com.baomidou.mybatisplus.extension.plugins.inner.DataPermissionInterceptor - SQL to parse, SQL: SELECT * FROM entity e left join entity1 e1 on e1.id = e.id left join entity2 e2 on e1.id = e2.id
18:57:58.765 [main] DEBUG com.baomidou.mybatisplus.extension.plugins.inner.DataPermissionInterceptor - parse the finished SQL: SELECT * FROM entity e LEFT JOIN entity1 e1 ON e1.id = e.id AND e1.tenant_id = 1 LEFT JOIN entity2 e2 ON e1.id = e2.id AND e2.tenant_id = 1 WHERE e.tenant_id = 1
]]></system-out>
  </testcase>
  <testcase name="delete" classname="cn.iocoder.yudao.framework.datapermission.core.db.DataPermissionRuleHandlerTest" time="0.003">
    <system-out><![CDATA[18:57:58.766 [main] DEBUG com.baomidou.mybatisplus.extension.plugins.inner.DataPermissionInterceptor - original SQL: delete from entity where id = ?
18:57:58.767 [main] DEBUG com.baomidou.mybatisplus.extension.plugins.inner.DataPermissionInterceptor - SQL to parse, SQL: delete from entity where id = ?
18:57:58.768 [main] DEBUG com.baomidou.mybatisplus.extension.plugins.inner.DataPermissionInterceptor - parse the finished SQL: DELETE FROM entity WHERE id = ? AND entity.tenant_id = 1
]]></system-out>
  </testcase>
  <testcase name="testSelectInnerJoin" classname="cn.iocoder.yudao.framework.datapermission.core.db.DataPermissionRuleHandlerTest" time="0.008">
    <system-out><![CDATA[18:57:58.769 [main] DEBUG com.baomidou.mybatisplus.extension.plugins.inner.DataPermissionInterceptor - original SQL: SELECT * FROM t_user e inner join entity1 e1 on e1.id = e.id WHERE e.id = ? OR e.name = ?
18:57:58.770 [main] DEBUG com.baomidou.mybatisplus.extension.plugins.inner.DataPermissionInterceptor - SQL to parse, SQL: SELECT * FROM t_user e inner join entity1 e1 on e1.id = e.id WHERE e.id = ? OR e.name = ?
18:57:58.771 [main] DEBUG com.baomidou.mybatisplus.extension.plugins.inner.DataPermissionInterceptor - parse the finished SQL: SELECT * FROM t_user e INNER JOIN entity1 e1 ON e1.id = e.id AND e.tenant_id = 1 AND e.dept_id IN (10, 20) AND e1.tenant_id = 1 WHERE e.id = ? OR e.name = ?
18:57:58.771 [main] DEBUG com.baomidou.mybatisplus.extension.plugins.inner.DataPermissionInterceptor - original SQL: SELECT * FROM t_user e inner join entity1 e1 on e1.id = e.id WHERE (e.id = ? OR e.name = ?)
18:57:58.773 [main] DEBUG com.baomidou.mybatisplus.extension.plugins.inner.DataPermissionInterceptor - SQL to parse, SQL: SELECT * FROM t_user e inner join entity1 e1 on e1.id = e.id WHERE (e.id = ? OR e.name = ?)
18:57:58.774 [main] DEBUG com.baomidou.mybatisplus.extension.plugins.inner.DataPermissionInterceptor - parse the finished SQL: SELECT * FROM t_user e INNER JOIN entity1 e1 ON e1.id = e.id AND e.tenant_id = 1 AND e.dept_id IN (10, 20) AND e1.tenant_id = 1 WHERE (e.id = ? OR e.name = ?)
18:57:58.774 [main] DEBUG com.baomidou.mybatisplus.extension.plugins.inner.DataPermissionInterceptor - original SQL: SELECT * FROM entity,entity1 WHERE entity.id = entity1.id
18:57:58.776 [main] DEBUG com.baomidou.mybatisplus.extension.plugins.inner.DataPermissionInterceptor - SQL to parse, SQL: SELECT * FROM entity,entity1 WHERE entity.id = entity1.id
18:57:58.776 [main] DEBUG com.baomidou.mybatisplus.extension.plugins.inner.DataPermissionInterceptor - parse the finished SQL: SELECT * FROM entity, entity1 WHERE entity.id = entity1.id AND entity.tenant_id = 1 AND entity1.tenant_id = 1
]]></system-out>
  </testcase>
  <testcase name="testSelectSingle" classname="cn.iocoder.yudao.framework.datapermission.core.db.DataPermissionRuleHandlerTest" time="0.007">
    <system-out><![CDATA[18:57:58.777 [main] DEBUG com.baomidou.mybatisplus.extension.plugins.inner.DataPermissionInterceptor - original SQL: select * from t_user where id = ?
18:57:58.778 [main] DEBUG com.baomidou.mybatisplus.extension.plugins.inner.DataPermissionInterceptor - SQL to parse, SQL: select * from t_user where id = ?
18:57:58.778 [main] DEBUG com.baomidou.mybatisplus.extension.plugins.inner.DataPermissionInterceptor - parse the finished SQL: SELECT * FROM t_user WHERE id = ? AND t_user.tenant_id = 1 AND t_user.dept_id IN (10, 20)
18:57:58.778 [main] DEBUG com.baomidou.mybatisplus.extension.plugins.inner.DataPermissionInterceptor - original SQL: select * from t_user where id = ? or name = ?
18:57:58.779 [main] DEBUG com.baomidou.mybatisplus.extension.plugins.inner.DataPermissionInterceptor - SQL to parse, SQL: select * from t_user where id = ? or name = ?
18:57:58.779 [main] DEBUG com.baomidou.mybatisplus.extension.plugins.inner.DataPermissionInterceptor - parse the finished SQL: SELECT * FROM t_user WHERE (id = ? OR name = ?) AND t_user.tenant_id = 1 AND t_user.dept_id IN (10, 20)
18:57:58.779 [main] DEBUG com.baomidou.mybatisplus.extension.plugins.inner.DataPermissionInterceptor - original SQL: SELECT * FROM t_user WHERE (id = ? OR name = ?)
18:57:58.783 [main] DEBUG com.baomidou.mybatisplus.extension.plugins.inner.DataPermissionInterceptor - SQL to parse, SQL: SELECT * FROM t_user WHERE (id = ? OR name = ?)
18:57:58.783 [main] DEBUG com.baomidou.mybatisplus.extension.plugins.inner.DataPermissionInterceptor - parse the finished SQL: SELECT * FROM t_user WHERE (id = ? OR name = ?) AND t_user.tenant_id = 1 AND t_user.dept_id IN (10, 20)
18:57:58.783 [main] DEBUG com.baomidou.mybatisplus.extension.plugins.inner.DataPermissionInterceptor - original SQL: SELECT * FROM t_user WHERE not (id = ? OR name = ?)
18:57:58.784 [main] DEBUG com.baomidou.mybatisplus.extension.plugins.inner.DataPermissionInterceptor - SQL to parse, SQL: SELECT * FROM t_user WHERE not (id = ? OR name = ?)
18:57:58.784 [main] DEBUG com.baomidou.mybatisplus.extension.plugins.inner.DataPermissionInterceptor - parse the finished SQL: SELECT * FROM t_user WHERE NOT (id = ? OR name = ?) AND t_user.tenant_id = 1 AND t_user.dept_id IN (10, 20)
]]></system-out>
  </testcase>
  <testcase name="selectIgnoreTable" classname="cn.iocoder.yudao.framework.datapermission.core.db.DataPermissionRuleHandlerTest" time="0.002">
    <system-out><![CDATA[18:57:58.785 [main] DEBUG com.baomidou.mybatisplus.extension.plugins.inner.DataPermissionInterceptor - original SQL:  SELECT dict.dict_code, item.item_text AS "text", item.item_value AS "value" FROM sys_dict_item item INNER JOIN sys_dict dict ON dict.id = item.dict_id WHERE dict.dict_code IN (1, 2, 3) AND item.item_value IN (1, 2, 3)
18:57:58.787 [main] DEBUG com.baomidou.mybatisplus.extension.plugins.inner.DataPermissionInterceptor - SQL to parse, SQL:  SELECT dict.dict_code, item.item_text AS "text", item.item_value AS "value" FROM sys_dict_item item INNER JOIN sys_dict dict ON dict.id = item.dict_id WHERE dict.dict_code IN (1, 2, 3) AND item.item_value IN (1, 2, 3)
18:57:58.787 [main] DEBUG com.baomidou.mybatisplus.extension.plugins.inner.DataPermissionInterceptor - parse the finished SQL: SELECT dict.dict_code, item.item_text AS "text", item.item_value AS "value" FROM sys_dict_item item INNER JOIN sys_dict dict ON dict.id = item.dict_id AND item.tenant_id = 1 WHERE dict.dict_code IN (1, 2, 3) AND item.item_value IN (1, 2, 3)
]]></system-out>
  </testcase>
  <testcase name="selectSubJoin" classname="cn.iocoder.yudao.framework.datapermission.core.db.DataPermissionRuleHandlerTest" time="0.004">
    <system-out><![CDATA[18:57:58.788 [main] DEBUG com.baomidou.mybatisplus.extension.plugins.inner.DataPermissionInterceptor - original SQL: select * FROM (entity1 e1 right JOIN entity2 e2 ON e1.id = e2.id)
18:57:58.788 [main] DEBUG com.baomidou.mybatisplus.extension.plugins.inner.DataPermissionInterceptor - SQL to parse, SQL: select * FROM (entity1 e1 right JOIN entity2 e2 ON e1.id = e2.id)
18:57:58.789 [main] DEBUG com.baomidou.mybatisplus.extension.plugins.inner.DataPermissionInterceptor - parse the finished SQL: SELECT * FROM (entity1 e1 RIGHT JOIN entity2 e2 ON e1.id = e2.id AND e1.tenant_id = 1) WHERE e2.tenant_id = 1
18:57:58.789 [main] DEBUG com.baomidou.mybatisplus.extension.plugins.inner.DataPermissionInterceptor - original SQL: select * FROM (entity1 e1 LEFT JOIN entity2 e2 ON e1.id = e2.id)
18:57:58.789 [main] DEBUG com.baomidou.mybatisplus.extension.plugins.inner.DataPermissionInterceptor - SQL to parse, SQL: select * FROM (entity1 e1 LEFT JOIN entity2 e2 ON e1.id = e2.id)
18:57:58.789 [main] DEBUG com.baomidou.mybatisplus.extension.plugins.inner.DataPermissionInterceptor - parse the finished SQL: SELECT * FROM (entity1 e1 LEFT JOIN entity2 e2 ON e1.id = e2.id AND e2.tenant_id = 1) WHERE e1.tenant_id = 1
18:57:58.789 [main] DEBUG com.baomidou.mybatisplus.extension.plugins.inner.DataPermissionInterceptor - original SQL: select * FROM (entity1 e1 LEFT JOIN entity2 e2 ON e1.id = e2.id) right join entity3 e3 on e1.id = e3.id
18:57:58.790 [main] DEBUG com.baomidou.mybatisplus.extension.plugins.inner.DataPermissionInterceptor - SQL to parse, SQL: select * FROM (entity1 e1 LEFT JOIN entity2 e2 ON e1.id = e2.id) right join entity3 e3 on e1.id = e3.id
18:57:58.790 [main] DEBUG com.baomidou.mybatisplus.extension.plugins.inner.DataPermissionInterceptor - parse the finished SQL: SELECT * FROM (entity1 e1 LEFT JOIN entity2 e2 ON e1.id = e2.id AND e2.tenant_id = 1) RIGHT JOIN entity3 e3 ON e1.id = e3.id AND e1.tenant_id = 1 WHERE e3.tenant_id = 1
18:57:58.790 [main] DEBUG com.baomidou.mybatisplus.extension.plugins.inner.DataPermissionInterceptor - original SQL: select * FROM entity e LEFT JOIN (entity1 e1 right join entity2 e2 ON e1.id = e2.id) on e.id = e2.id
18:57:58.791 [main] DEBUG com.baomidou.mybatisplus.extension.plugins.inner.DataPermissionInterceptor - SQL to parse, SQL: select * FROM entity e LEFT JOIN (entity1 e1 right join entity2 e2 ON e1.id = e2.id) on e.id = e2.id
18:57:58.791 [main] DEBUG com.baomidou.mybatisplus.extension.plugins.inner.DataPermissionInterceptor - parse the finished SQL: SELECT * FROM entity e LEFT JOIN (entity1 e1 RIGHT JOIN entity2 e2 ON e1.id = e2.id AND e1.tenant_id = 1) ON e.id = e2.id AND e2.tenant_id = 1 WHERE e.tenant_id = 1
18:57:58.791 [main] DEBUG com.baomidou.mybatisplus.extension.plugins.inner.DataPermissionInterceptor - original SQL: select * FROM entity e LEFT JOIN (entity1 e1 left join entity2 e2 ON e1.id = e2.id) on e.id = e2.id
18:57:58.791 [main] DEBUG com.baomidou.mybatisplus.extension.plugins.inner.DataPermissionInterceptor - SQL to parse, SQL: select * FROM entity e LEFT JOIN (entity1 e1 left join entity2 e2 ON e1.id = e2.id) on e.id = e2.id
18:57:58.792 [main] DEBUG com.baomidou.mybatisplus.extension.plugins.inner.DataPermissionInterceptor - parse the finished SQL: SELECT * FROM entity e LEFT JOIN (entity1 e1 LEFT JOIN entity2 e2 ON e1.id = e2.id AND e2.tenant_id = 1) ON e.id = e2.id AND e1.tenant_id = 1 WHERE e.tenant_id = 1
18:57:58.792 [main] DEBUG com.baomidou.mybatisplus.extension.plugins.inner.DataPermissionInterceptor - original SQL: select * FROM entity e RIGHT JOIN (entity1 e1 left join entity2 e2 ON e1.id = e2.id) on e.id = e2.id
18:57:58.792 [main] DEBUG com.baomidou.mybatisplus.extension.plugins.inner.DataPermissionInterceptor - SQL to parse, SQL: select * FROM entity e RIGHT JOIN (entity1 e1 left join entity2 e2 ON e1.id = e2.id) on e.id = e2.id
18:57:58.792 [main] DEBUG com.baomidou.mybatisplus.extension.plugins.inner.DataPermissionInterceptor - parse the finished SQL: SELECT * FROM entity e RIGHT JOIN (entity1 e1 LEFT JOIN entity2 e2 ON e1.id = e2.id AND e2.tenant_id = 1) ON e.id = e2.id AND e.tenant_id = 1 WHERE e1.tenant_id = 1
]]></system-out>
  </testcase>
  <testcase name="selectInnerJoin" classname="cn.iocoder.yudao.framework.datapermission.core.db.DataPermissionRuleHandlerTest" time="0.006">
    <system-out><![CDATA[18:57:58.793 [main] DEBUG com.baomidou.mybatisplus.extension.plugins.inner.DataPermissionInterceptor - original SQL: SELECT * FROM entity e inner join entity1 e1 on e1.id = e.id WHERE e.id = ? OR e.name = ?
18:57:58.794 [main] DEBUG com.baomidou.mybatisplus.extension.plugins.inner.DataPermissionInterceptor - SQL to parse, SQL: SELECT * FROM entity e inner join entity1 e1 on e1.id = e.id WHERE e.id = ? OR e.name = ?
18:57:58.794 [main] DEBUG com.baomidou.mybatisplus.extension.plugins.inner.DataPermissionInterceptor - parse the finished SQL: SELECT * FROM entity e INNER JOIN entity1 e1 ON e1.id = e.id AND e.tenant_id = 1 AND e1.tenant_id = 1 WHERE e.id = ? OR e.name = ?
18:57:58.794 [main] DEBUG com.baomidou.mybatisplus.extension.plugins.inner.DataPermissionInterceptor - original SQL: SELECT * FROM entity e inner join entity1 e1 on e1.id = e.id WHERE (e.id = ? OR e.name = ?)
18:57:58.794 [main] DEBUG com.baomidou.mybatisplus.extension.plugins.inner.DataPermissionInterceptor - SQL to parse, SQL: SELECT * FROM entity e inner join entity1 e1 on e1.id = e.id WHERE (e.id = ? OR e.name = ?)
18:57:58.794 [main] DEBUG com.baomidou.mybatisplus.extension.plugins.inner.DataPermissionInterceptor - parse the finished SQL: SELECT * FROM entity e INNER JOIN entity1 e1 ON e1.id = e.id AND e.tenant_id = 1 AND e1.tenant_id = 1 WHERE (e.id = ? OR e.name = ?)
18:57:58.794 [main] DEBUG com.baomidou.mybatisplus.extension.plugins.inner.DataPermissionInterceptor - original SQL: SELECT * FROM entity,entity1 WHERE entity.id = entity1.id
18:57:58.795 [main] DEBUG com.baomidou.mybatisplus.extension.plugins.inner.DataPermissionInterceptor - SQL to parse, SQL: SELECT * FROM entity,entity1 WHERE entity.id = entity1.id
18:57:58.795 [main] DEBUG com.baomidou.mybatisplus.extension.plugins.inner.DataPermissionInterceptor - parse the finished SQL: SELECT * FROM entity, entity1 WHERE entity.id = entity1.id AND entity.tenant_id = 1 AND entity1.tenant_id = 1
18:57:58.795 [main] DEBUG com.baomidou.mybatisplus.extension.plugins.inner.DataPermissionInterceptor - original SQL: SELECT * FROM entity a, with_as_entity1 b WHERE a.id = b.id
18:57:58.795 [main] DEBUG com.baomidou.mybatisplus.extension.plugins.inner.DataPermissionInterceptor - SQL to parse, SQL: SELECT * FROM entity a, with_as_entity1 b WHERE a.id = b.id
18:57:58.795 [main] DEBUG com.baomidou.mybatisplus.extension.plugins.inner.DataPermissionInterceptor - parse the finished SQL: SELECT * FROM entity a, with_as_entity1 b WHERE a.id = b.id AND a.tenant_id = 1
18:57:58.795 [main] DEBUG com.baomidou.mybatisplus.extension.plugins.inner.DataPermissionInterceptor - original SQL: SELECT * FROM with_as_entity a, with_as_entity1 b WHERE a.id = b.id
18:57:58.796 [main] DEBUG com.baomidou.mybatisplus.extension.plugins.inner.DataPermissionInterceptor - SQL to parse, SQL: SELECT * FROM with_as_entity a, with_as_entity1 b WHERE a.id = b.id
18:57:58.796 [main] DEBUG com.baomidou.mybatisplus.extension.plugins.inner.DataPermissionInterceptor - parse the finished SQL: SELECT * FROM with_as_entity a, with_as_entity1 b WHERE a.id = b.id
18:57:58.796 [main] DEBUG com.baomidou.mybatisplus.extension.plugins.inner.DataPermissionInterceptor - original SQL: SELECT * FROM (entity,entity1) WHERE entity.id = entity1.id
18:57:58.796 [main] DEBUG com.baomidou.mybatisplus.extension.plugins.inner.DataPermissionInterceptor - SQL to parse, SQL: SELECT * FROM (entity,entity1) WHERE entity.id = entity1.id
18:57:58.796 [main] DEBUG com.baomidou.mybatisplus.extension.plugins.inner.DataPermissionInterceptor - parse the finished SQL: SELECT * FROM (entity, entity1) WHERE entity.id = entity1.id AND entity.tenant_id = 1 AND entity1.tenant_id = 1
18:57:58.796 [main] DEBUG com.baomidou.mybatisplus.extension.plugins.inner.DataPermissionInterceptor - original SQL: SELECT * FROM ((entity,entity1),entity2) WHERE entity.id = entity1.id and entity.id = entity2.id
18:57:58.797 [main] DEBUG com.baomidou.mybatisplus.extension.plugins.inner.DataPermissionInterceptor - SQL to parse, SQL: SELECT * FROM ((entity,entity1),entity2) WHERE entity.id = entity1.id and entity.id = entity2.id
18:57:58.797 [main] DEBUG com.baomidou.mybatisplus.extension.plugins.inner.DataPermissionInterceptor - parse the finished SQL: SELECT * FROM ((entity, entity1), entity2) WHERE entity.id = entity1.id AND entity.id = entity2.id AND entity.tenant_id = 1 AND entity1.tenant_id = 1 AND entity2.tenant_id = 1
18:57:58.797 [main] DEBUG com.baomidou.mybatisplus.extension.plugins.inner.DataPermissionInterceptor - original SQL: SELECT * FROM (entity,(entity1,entity2)) WHERE entity.id = entity1.id and entity.id = entity2.id
18:57:58.798 [main] DEBUG com.baomidou.mybatisplus.extension.plugins.inner.DataPermissionInterceptor - SQL to parse, SQL: SELECT * FROM (entity,(entity1,entity2)) WHERE entity.id = entity1.id and entity.id = entity2.id
18:57:58.798 [main] DEBUG com.baomidou.mybatisplus.extension.plugins.inner.DataPermissionInterceptor - parse the finished SQL: SELECT * FROM (entity, (entity1, entity2)) WHERE entity.id = entity1.id AND entity.id = entity2.id AND entity.tenant_id = 1 AND entity1.tenant_id = 1 AND entity2.tenant_id = 1
18:57:58.798 [main] DEBUG com.baomidou.mybatisplus.extension.plugins.inner.DataPermissionInterceptor - original SQL: SELECT * FROM (((entity,entity1))) WHERE entity.id = entity1.id
18:57:58.798 [main] DEBUG com.baomidou.mybatisplus.extension.plugins.inner.DataPermissionInterceptor - SQL to parse, SQL: SELECT * FROM (((entity,entity1))) WHERE entity.id = entity1.id
18:57:58.798 [main] DEBUG com.baomidou.mybatisplus.extension.plugins.inner.DataPermissionInterceptor - parse the finished SQL: SELECT * FROM (((entity, entity1))) WHERE entity.id = entity1.id AND entity.tenant_id = 1 AND entity1.tenant_id = 1
]]></system-out>
  </testcase>
  <testcase name="selectJoinSubSelect" classname="cn.iocoder.yudao.framework.datapermission.core.db.DataPermissionRuleHandlerTest" time="0.002">
    <system-out><![CDATA[18:57:58.800 [main] DEBUG com.baomidou.mybatisplus.extension.plugins.inner.DataPermissionInterceptor - original SQL: select * from (select * from entity) e1 left join entity2 e2 on e1.id = e2.id
18:57:58.801 [main] DEBUG com.baomidou.mybatisplus.extension.plugins.inner.DataPermissionInterceptor - SQL to parse, SQL: select * from (select * from entity) e1 left join entity2 e2 on e1.id = e2.id
18:57:58.801 [main] DEBUG com.baomidou.mybatisplus.extension.plugins.inner.DataPermissionInterceptor - parse the finished SQL: SELECT * FROM (SELECT * FROM entity WHERE entity.tenant_id = 1) e1 LEFT JOIN entity2 e2 ON e1.id = e2.id AND e2.tenant_id = 1
18:57:58.801 [main] DEBUG com.baomidou.mybatisplus.extension.plugins.inner.DataPermissionInterceptor - original SQL: select * from entity1 e1 left join (select * from entity2) e2 on e1.id = e2.id
18:57:58.801 [main] DEBUG com.baomidou.mybatisplus.extension.plugins.inner.DataPermissionInterceptor - SQL to parse, SQL: select * from entity1 e1 left join (select * from entity2) e2 on e1.id = e2.id
18:57:58.801 [main] DEBUG com.baomidou.mybatisplus.extension.plugins.inner.DataPermissionInterceptor - parse the finished SQL: SELECT * FROM entity1 e1 LEFT JOIN (SELECT * FROM entity2 WHERE entity2.tenant_id = 1) e2 ON e1.id = e2.id WHERE e1.tenant_id = 1
]]></system-out>
  </testcase>
  <testcase name="selectSubSelect" classname="cn.iocoder.yudao.framework.datapermission.core.db.DataPermissionRuleHandlerTest" time="0.003">
    <system-out><![CDATA[18:57:58.802 [main] DEBUG com.baomidou.mybatisplus.extension.plugins.inner.DataPermissionInterceptor - original SQL: SELECT * FROM entity e WHERE e.id >= (select e1.id from entity1 e1 where e1.id = ?)
18:57:58.803 [main] DEBUG com.baomidou.mybatisplus.extension.plugins.inner.DataPermissionInterceptor - SQL to parse, SQL: SELECT * FROM entity e WHERE e.id >= (select e1.id from entity1 e1 where e1.id = ?)
18:57:58.803 [main] DEBUG com.baomidou.mybatisplus.extension.plugins.inner.DataPermissionInterceptor - parse the finished SQL: SELECT * FROM entity e WHERE e.id >= (SELECT e1.id FROM entity1 e1 WHERE e1.id = ? AND e1.tenant_id = 1) AND e.tenant_id = 1
18:57:58.803 [main] DEBUG com.baomidou.mybatisplus.extension.plugins.inner.DataPermissionInterceptor - original SQL: SELECT * FROM entity e WHERE e.id <= (select e1.id from entity1 e1 where e1.id = ?)
18:57:58.804 [main] DEBUG com.baomidou.mybatisplus.extension.plugins.inner.DataPermissionInterceptor - SQL to parse, SQL: SELECT * FROM entity e WHERE e.id <= (select e1.id from entity1 e1 where e1.id = ?)
18:57:58.804 [main] DEBUG com.baomidou.mybatisplus.extension.plugins.inner.DataPermissionInterceptor - parse the finished SQL: SELECT * FROM entity e WHERE e.id <= (SELECT e1.id FROM entity1 e1 WHERE e1.id = ? AND e1.tenant_id = 1) AND e.tenant_id = 1
18:57:58.804 [main] DEBUG com.baomidou.mybatisplus.extension.plugins.inner.DataPermissionInterceptor - original SQL: SELECT * FROM entity e WHERE e.id <> (select e1.id from entity1 e1 where e1.id = ?)
18:57:58.805 [main] DEBUG com.baomidou.mybatisplus.extension.plugins.inner.DataPermissionInterceptor - SQL to parse, SQL: SELECT * FROM entity e WHERE e.id <> (select e1.id from entity1 e1 where e1.id = ?)
18:57:58.805 [main] DEBUG com.baomidou.mybatisplus.extension.plugins.inner.DataPermissionInterceptor - parse the finished SQL: SELECT * FROM entity e WHERE e.id <> (SELECT e1.id FROM entity1 e1 WHERE e1.id = ? AND e1.tenant_id = 1) AND e.tenant_id = 1
]]></system-out>
  </testcase>
  <testcase name="update" classname="cn.iocoder.yudao.framework.datapermission.core.db.DataPermissionRuleHandlerTest" time="0.002">
    <system-out><![CDATA[18:57:58.806 [main] DEBUG com.baomidou.mybatisplus.extension.plugins.inner.DataPermissionInterceptor - original SQL: update entity set name = ? where id = ?
18:57:58.807 [main] DEBUG com.baomidou.mybatisplus.extension.plugins.inner.DataPermissionInterceptor - SQL to parse, SQL: update entity set name = ? where id = ?
18:57:58.807 [main] DEBUG com.baomidou.mybatisplus.extension.plugins.inner.DataPermissionInterceptor - parse the finished SQL: UPDATE entity SET name = ? WHERE id = ? AND entity.tenant_id = 1
]]></system-out>
  </testcase>
  <testcase name="selectSubSelectExists" classname="cn.iocoder.yudao.framework.datapermission.core.db.DataPermissionRuleHandlerTest" time="0.001">
    <system-out><![CDATA[18:57:58.808 [main] DEBUG com.baomidou.mybatisplus.extension.plugins.inner.DataPermissionInterceptor - original SQL: SELECT * FROM entity e WHERE EXISTS (select e1.id from entity1 e1 where e1.id = ?)
18:57:58.809 [main] DEBUG com.baomidou.mybatisplus.extension.plugins.inner.DataPermissionInterceptor - SQL to parse, SQL: SELECT * FROM entity e WHERE EXISTS (select e1.id from entity1 e1 where e1.id = ?)
18:57:58.809 [main] DEBUG com.baomidou.mybatisplus.extension.plugins.inner.DataPermissionInterceptor - parse the finished SQL: SELECT * FROM entity e WHERE EXISTS (SELECT e1.id FROM entity1 e1 WHERE e1.id = ? AND e1.tenant_id = 1) AND e.tenant_id = 1
18:57:58.809 [main] DEBUG com.baomidou.mybatisplus.extension.plugins.inner.DataPermissionInterceptor - original SQL: SELECT * FROM entity e WHERE NOT EXISTS (select e1.id from entity1 e1 where e1.id = ?)
18:57:58.809 [main] DEBUG com.baomidou.mybatisplus.extension.plugins.inner.DataPermissionInterceptor - SQL to parse, SQL: SELECT * FROM entity e WHERE NOT EXISTS (select e1.id from entity1 e1 where e1.id = ?)
18:57:58.809 [main] DEBUG com.baomidou.mybatisplus.extension.plugins.inner.DataPermissionInterceptor - parse the finished SQL: SELECT * FROM entity e WHERE NOT EXISTS (SELECT e1.id FROM entity1 e1 WHERE e1.id = ? AND e1.tenant_id = 1) AND e.tenant_id = 1
]]></system-out>
  </testcase>
  <testcase name="selectBodySubSelect" classname="cn.iocoder.yudao.framework.datapermission.core.db.DataPermissionRuleHandlerTest" time="0.001">
    <system-out><![CDATA[18:57:58.810 [main] DEBUG com.baomidou.mybatisplus.extension.plugins.inner.DataPermissionInterceptor - original SQL: select t1.col1,(select t2.col2 from t2 t2 where t1.col1=t2.col1) from t1 t1
18:57:58.811 [main] DEBUG com.baomidou.mybatisplus.extension.plugins.inner.DataPermissionInterceptor - SQL to parse, SQL: select t1.col1,(select t2.col2 from t2 t2 where t1.col1=t2.col1) from t1 t1
18:57:58.811 [main] DEBUG com.baomidou.mybatisplus.extension.plugins.inner.DataPermissionInterceptor - parse the finished SQL: SELECT t1.col1, (SELECT t2.col2 FROM t2 t2 WHERE t1.col1 = t2.col1 AND t2.tenant_id = 1) FROM t1 t1 WHERE t1.tenant_id = 1
]]></system-out>
  </testcase>
  <testcase name="selectSubSelectEq" classname="cn.iocoder.yudao.framework.datapermission.core.db.DataPermissionRuleHandlerTest" time="0.002">
    <system-out><![CDATA[18:57:58.812 [main] DEBUG com.baomidou.mybatisplus.extension.plugins.inner.DataPermissionInterceptor - original SQL: SELECT * FROM entity e WHERE e.id = (select e1.id from entity1 e1 where e1.id = ?)
18:57:58.813 [main] DEBUG com.baomidou.mybatisplus.extension.plugins.inner.DataPermissionInterceptor - SQL to parse, SQL: SELECT * FROM entity e WHERE e.id = (select e1.id from entity1 e1 where e1.id = ?)
18:57:58.813 [main] DEBUG com.baomidou.mybatisplus.extension.plugins.inner.DataPermissionInterceptor - parse the finished SQL: SELECT * FROM entity e WHERE e.id = (SELECT e1.id FROM entity1 e1 WHERE e1.id = ? AND e1.tenant_id = 1) AND e.tenant_id = 1
]]></system-out>
  </testcase>
  <testcase name="selectSubSelectIn" classname="cn.iocoder.yudao.framework.datapermission.core.db.DataPermissionRuleHandlerTest" time="0.004">
    <system-out><![CDATA[18:57:58.815 [main] DEBUG com.baomidou.mybatisplus.extension.plugins.inner.DataPermissionInterceptor - original SQL: SELECT * FROM entity e WHERE e.id IN (select e1.id from entity1 e1 where e1.id = ?)
18:57:58.815 [main] DEBUG com.baomidou.mybatisplus.extension.plugins.inner.DataPermissionInterceptor - SQL to parse, SQL: SELECT * FROM entity e WHERE e.id IN (select e1.id from entity1 e1 where e1.id = ?)
18:57:58.815 [main] DEBUG com.baomidou.mybatisplus.extension.plugins.inner.DataPermissionInterceptor - parse the finished SQL: SELECT * FROM entity e WHERE e.id IN (SELECT e1.id FROM entity1 e1 WHERE e1.id = ? AND e1.tenant_id = 1) AND e.tenant_id = 1
18:57:58.815 [main] DEBUG com.baomidou.mybatisplus.extension.plugins.inner.DataPermissionInterceptor - original SQL: SELECT * FROM entity e WHERE e.id IN (select e1.id from entity1 e1 where e1.id = ?) and e.id = ?
18:57:58.816 [main] DEBUG com.baomidou.mybatisplus.extension.plugins.inner.DataPermissionInterceptor - SQL to parse, SQL: SELECT * FROM entity e WHERE e.id IN (select e1.id from entity1 e1 where e1.id = ?) and e.id = ?
18:57:58.816 [main] DEBUG com.baomidou.mybatisplus.extension.plugins.inner.DataPermissionInterceptor - parse the finished SQL: SELECT * FROM entity e WHERE e.id IN (SELECT e1.id FROM entity1 e1 WHERE e1.id = ? AND e1.tenant_id = 1) AND e.id = ? AND e.tenant_id = 1
18:57:58.816 [main] DEBUG com.baomidou.mybatisplus.extension.plugins.inner.DataPermissionInterceptor - original SQL: SELECT * FROM entity e WHERE e.id = ? and e.id IN (select e1.id from entity1 e1 where e1.id = ?)
18:57:58.817 [main] DEBUG com.baomidou.mybatisplus.extension.plugins.inner.DataPermissionInterceptor - SQL to parse, SQL: SELECT * FROM entity e WHERE e.id = ? and e.id IN (select e1.id from entity1 e1 where e1.id = ?)
18:57:58.817 [main] DEBUG com.baomidou.mybatisplus.extension.plugins.inner.DataPermissionInterceptor - parse the finished SQL: SELECT * FROM entity e WHERE e.id = ? AND e.id IN (SELECT e1.id FROM entity1 e1 WHERE e1.id = ? AND e1.tenant_id = 1) AND e.tenant_id = 1
18:57:58.817 [main] DEBUG com.baomidou.mybatisplus.extension.plugins.inner.DataPermissionInterceptor - original SQL: SELECT * FROM entity e WHERE e.id = ? and e.id IN (select e1.id from entity1 e1 where e1.id = ?) and e.id = ?
18:57:58.818 [main] DEBUG com.baomidou.mybatisplus.extension.plugins.inner.DataPermissionInterceptor - SQL to parse, SQL: SELECT * FROM entity e WHERE e.id = ? and e.id IN (select e1.id from entity1 e1 where e1.id = ?) and e.id = ?
18:57:58.818 [main] DEBUG com.baomidou.mybatisplus.extension.plugins.inner.DataPermissionInterceptor - parse the finished SQL: SELECT * FROM entity e WHERE e.id = ? AND e.id IN (SELECT e1.id FROM entity1 e1 WHERE e1.id = ? AND e1.tenant_id = 1) AND e.id = ? AND e.tenant_id = 1
]]></system-out>
  </testcase>
  <testcase name="testSelectLeftJoin" classname="cn.iocoder.yudao.framework.datapermission.core.db.DataPermissionRuleHandlerTest" time="0.002">
    <system-out><![CDATA[18:57:58.819 [main] DEBUG com.baomidou.mybatisplus.extension.plugins.inner.DataPermissionInterceptor - original SQL: SELECT * FROM t_user e left join t_role e1 on e1.id = e.id WHERE e.id = ? OR e.name = ?
18:57:58.820 [main] DEBUG com.baomidou.mybatisplus.extension.plugins.inner.DataPermissionInterceptor - SQL to parse, SQL: SELECT * FROM t_user e left join t_role e1 on e1.id = e.id WHERE e.id = ? OR e.name = ?
18:57:58.820 [main] DEBUG com.baomidou.mybatisplus.extension.plugins.inner.DataPermissionInterceptor - parse the finished SQL: SELECT * FROM t_user e LEFT JOIN t_role e1 ON e1.id = e.id AND e1.tenant_id = 1 WHERE (e.id = ? OR e.name = ?) AND e.tenant_id = 1 AND e.dept_id IN (10, 20)
18:57:58.820 [main] DEBUG com.baomidou.mybatisplus.extension.plugins.inner.DataPermissionInterceptor - original SQL: SELECT * FROM t_user e left join t_role e1 on e1.id = e.id WHERE (e.id = ? OR e.name = ?)
18:57:58.821 [main] DEBUG com.baomidou.mybatisplus.extension.plugins.inner.DataPermissionInterceptor - SQL to parse, SQL: SELECT * FROM t_user e left join t_role e1 on e1.id = e.id WHERE (e.id = ? OR e.name = ?)
18:57:58.821 [main] DEBUG com.baomidou.mybatisplus.extension.plugins.inner.DataPermissionInterceptor - parse the finished SQL: SELECT * FROM t_user e LEFT JOIN t_role e1 ON e1.id = e.id AND e1.tenant_id = 1 WHERE (e.id = ? OR e.name = ?) AND e.tenant_id = 1 AND e.dept_id IN (10, 20)
]]></system-out>
  </testcase>
  <testcase name="selectLeftJoinMultipleTrailingOn" classname="cn.iocoder.yudao.framework.datapermission.core.db.DataPermissionRuleHandlerTest" time="0.004">
    <system-out><![CDATA[18:57:58.822 [main] DEBUG com.baomidou.mybatisplus.extension.plugins.inner.DataPermissionInterceptor - original SQL: SELECT * FROM entity e LEFT JOIN entity1 e1 LEFT JOIN entity2 e2 ON e2.id = e1.id ON e1.id = e.id WHERE (e.id = ? OR e.NAME = ?)
18:57:58.822 [main] DEBUG com.baomidou.mybatisplus.extension.plugins.inner.DataPermissionInterceptor - SQL to parse, SQL: SELECT * FROM entity e LEFT JOIN entity1 e1 LEFT JOIN entity2 e2 ON e2.id = e1.id ON e1.id = e.id WHERE (e.id = ? OR e.NAME = ?)
18:57:58.823 [main] DEBUG com.baomidou.mybatisplus.extension.plugins.inner.DataPermissionInterceptor - parse the finished SQL: SELECT * FROM entity e LEFT JOIN entity1 e1 LEFT JOIN entity2 e2 ON e2.id = e1.id AND e2.tenant_id = 1 ON e1.id = e.id AND e1.tenant_id = 1 WHERE (e.id = ? OR e.NAME = ?) AND e.tenant_id = 1
18:57:58.823 [main] DEBUG com.baomidou.mybatisplus.extension.plugins.inner.DataPermissionInterceptor - original SQL: SELECT * FROM entity e LEFT JOIN entity1 e1 LEFT JOIN with_as_A e2 ON e2.id = e1.id ON e1.id = e.id WHERE (e.id = ? OR e.NAME = ?)
18:57:58.824 [main] DEBUG com.baomidou.mybatisplus.extension.plugins.inner.DataPermissionInterceptor - SQL to parse, SQL: SELECT * FROM entity e LEFT JOIN entity1 e1 LEFT JOIN with_as_A e2 ON e2.id = e1.id ON e1.id = e.id WHERE (e.id = ? OR e.NAME = ?)
18:57:58.824 [main] DEBUG com.baomidou.mybatisplus.extension.plugins.inner.DataPermissionInterceptor - parse the finished SQL: SELECT * FROM entity e LEFT JOIN entity1 e1 LEFT JOIN with_as_A e2 ON e2.id = e1.id ON e1.id = e.id AND e1.tenant_id = 1 WHERE (e.id = ? OR e.NAME = ?) AND e.tenant_id = 1
]]></system-out>
  </testcase>
  <testcase name="selectMixJoin" classname="cn.iocoder.yudao.framework.datapermission.core.db.DataPermissionRuleHandlerTest" time="0.002">
    <system-out><![CDATA[18:57:58.825 [main] DEBUG com.baomidou.mybatisplus.extension.plugins.inner.DataPermissionInterceptor - original SQL: SELECT * FROM entity e right join entity1 e1 on e1.id = e.id left join entity2 e2 on e1.id = e2.id
18:57:58.826 [main] DEBUG com.baomidou.mybatisplus.extension.plugins.inner.DataPermissionInterceptor - SQL to parse, SQL: SELECT * FROM entity e right join entity1 e1 on e1.id = e.id left join entity2 e2 on e1.id = e2.id
18:57:58.826 [main] DEBUG com.baomidou.mybatisplus.extension.plugins.inner.DataPermissionInterceptor - parse the finished SQL: SELECT * FROM entity e RIGHT JOIN entity1 e1 ON e1.id = e.id AND e.tenant_id = 1 LEFT JOIN entity2 e2 ON e1.id = e2.id AND e2.tenant_id = 1 WHERE e1.tenant_id = 1
18:57:58.826 [main] DEBUG com.baomidou.mybatisplus.extension.plugins.inner.DataPermissionInterceptor - original SQL: SELECT * FROM entity e left join entity1 e1 on e1.id = e.id right join entity2 e2 on e1.id = e2.id
18:57:58.826 [main] DEBUG com.baomidou.mybatisplus.extension.plugins.inner.DataPermissionInterceptor - SQL to parse, SQL: SELECT * FROM entity e left join entity1 e1 on e1.id = e.id right join entity2 e2 on e1.id = e2.id
18:57:58.826 [main] DEBUG com.baomidou.mybatisplus.extension.plugins.inner.DataPermissionInterceptor - parse the finished SQL: SELECT * FROM entity e LEFT JOIN entity1 e1 ON e1.id = e.id AND e1.tenant_id = 1 RIGHT JOIN entity2 e2 ON e1.id = e2.id AND e.tenant_id = 1 WHERE e2.tenant_id = 1
18:57:58.827 [main] DEBUG com.baomidou.mybatisplus.extension.plugins.inner.DataPermissionInterceptor - original SQL: SELECT * FROM entity e left join entity1 e1 on e1.id = e.id inner join entity2 e2 on e1.id = e2.id
18:57:58.827 [main] DEBUG com.baomidou.mybatisplus.extension.plugins.inner.DataPermissionInterceptor - SQL to parse, SQL: SELECT * FROM entity e left join entity1 e1 on e1.id = e.id inner join entity2 e2 on e1.id = e2.id
18:57:58.827 [main] DEBUG com.baomidou.mybatisplus.extension.plugins.inner.DataPermissionInterceptor - parse the finished SQL: SELECT * FROM entity e LEFT JOIN entity1 e1 ON e1.id = e.id AND e1.tenant_id = 1 INNER JOIN entity2 e2 ON e1.id = e2.id AND e.tenant_id = 1 AND e2.tenant_id = 1
]]></system-out>
  </testcase>
  <testcase name="testSelectRightJoin" classname="cn.iocoder.yudao.framework.datapermission.core.db.DataPermissionRuleHandlerTest" time="0.002">
    <system-out><![CDATA[18:57:58.828 [main] DEBUG com.baomidou.mybatisplus.extension.plugins.inner.DataPermissionInterceptor - original SQL: SELECT * FROM t_user e right join t_role e1 on e1.id = e.id WHERE e.id = ? OR e.name = ?
18:57:58.828 [main] DEBUG com.baomidou.mybatisplus.extension.plugins.inner.DataPermissionInterceptor - SQL to parse, SQL: SELECT * FROM t_user e right join t_role e1 on e1.id = e.id WHERE e.id = ? OR e.name = ?
18:57:58.828 [main] DEBUG com.baomidou.mybatisplus.extension.plugins.inner.DataPermissionInterceptor - parse the finished SQL: SELECT * FROM t_user e RIGHT JOIN t_role e1 ON e1.id = e.id AND e.tenant_id = 1 AND e.dept_id IN (10, 20) WHERE (e.id = ? OR e.name = ?) AND e1.tenant_id = 1
18:57:58.828 [main] DEBUG com.baomidou.mybatisplus.extension.plugins.inner.DataPermissionInterceptor - original SQL: SELECT * FROM t_user e right join t_role e1 on e1.id = e.id WHERE (e.id = ? OR e.name = ?)
18:57:58.829 [main] DEBUG com.baomidou.mybatisplus.extension.plugins.inner.DataPermissionInterceptor - SQL to parse, SQL: SELECT * FROM t_user e right join t_role e1 on e1.id = e.id WHERE (e.id = ? OR e.name = ?)
18:57:58.829 [main] DEBUG com.baomidou.mybatisplus.extension.plugins.inner.DataPermissionInterceptor - parse the finished SQL: SELECT * FROM t_user e RIGHT JOIN t_role e1 ON e1.id = e.id AND e.tenant_id = 1 AND e.dept_id IN (10, 20) WHERE (e.id = ? OR e.name = ?) AND e1.tenant_id = 1
]]></system-out>
  </testcase>
  <testcase name="selectSingle" classname="cn.iocoder.yudao.framework.datapermission.core.db.DataPermissionRuleHandlerTest" time="0.003">
    <system-out><![CDATA[18:57:58.830 [main] DEBUG com.baomidou.mybatisplus.extension.plugins.inner.DataPermissionInterceptor - original SQL: select * from entity where id = ?
18:57:58.830 [main] DEBUG com.baomidou.mybatisplus.extension.plugins.inner.DataPermissionInterceptor - SQL to parse, SQL: select * from entity where id = ?
18:57:58.830 [main] DEBUG com.baomidou.mybatisplus.extension.plugins.inner.DataPermissionInterceptor - parse the finished SQL: SELECT * FROM entity WHERE id = ? AND entity.tenant_id = 1
18:57:58.830 [main] DEBUG com.baomidou.mybatisplus.extension.plugins.inner.DataPermissionInterceptor - original SQL: select * from entity where id = ? or name = ?
18:57:58.831 [main] DEBUG com.baomidou.mybatisplus.extension.plugins.inner.DataPermissionInterceptor - SQL to parse, SQL: select * from entity where id = ? or name = ?
18:57:58.831 [main] DEBUG com.baomidou.mybatisplus.extension.plugins.inner.DataPermissionInterceptor - parse the finished SQL: SELECT * FROM entity WHERE (id = ? OR name = ?) AND entity.tenant_id = 1
18:57:58.831 [main] DEBUG com.baomidou.mybatisplus.extension.plugins.inner.DataPermissionInterceptor - original SQL: SELECT * FROM entity WHERE (id = ? OR name = ?)
18:57:58.832 [main] DEBUG com.baomidou.mybatisplus.extension.plugins.inner.DataPermissionInterceptor - SQL to parse, SQL: SELECT * FROM entity WHERE (id = ? OR name = ?)
18:57:58.832 [main] DEBUG com.baomidou.mybatisplus.extension.plugins.inner.DataPermissionInterceptor - parse the finished SQL: SELECT * FROM entity WHERE (id = ? OR name = ?) AND entity.tenant_id = 1
18:57:58.832 [main] DEBUG com.baomidou.mybatisplus.extension.plugins.inner.DataPermissionInterceptor - original SQL: SELECT * FROM entity WHERE not (id = ? OR name = ?)
18:57:58.832 [main] DEBUG com.baomidou.mybatisplus.extension.plugins.inner.DataPermissionInterceptor - SQL to parse, SQL: SELECT * FROM entity WHERE not (id = ? OR name = ?)
18:57:58.832 [main] DEBUG com.baomidou.mybatisplus.extension.plugins.inner.DataPermissionInterceptor - parse the finished SQL: SELECT * FROM entity WHERE NOT (id = ? OR name = ?) AND entity.tenant_id = 1
]]></system-out>
  </testcase>
  <testcase name="selectSubSelectInnerNotEq" classname="cn.iocoder.yudao.framework.datapermission.core.db.DataPermissionRuleHandlerTest" time="0.002">
    <system-out><![CDATA[18:57:58.833 [main] DEBUG com.baomidou.mybatisplus.extension.plugins.inner.DataPermissionInterceptor - original SQL: SELECT * FROM entity e WHERE not (e.id = (select e1.id from entity1 e1 where e1.id = ?))
18:57:58.834 [main] DEBUG com.baomidou.mybatisplus.extension.plugins.inner.DataPermissionInterceptor - SQL to parse, SQL: SELECT * FROM entity e WHERE not (e.id = (select e1.id from entity1 e1 where e1.id = ?))
18:57:58.834 [main] DEBUG com.baomidou.mybatisplus.extension.plugins.inner.DataPermissionInterceptor - parse the finished SQL: SELECT * FROM entity e WHERE NOT (e.id = (SELECT e1.id FROM entity1 e1 WHERE e1.id = ? AND e1.tenant_id = 1)) AND e.tenant_id = 1
18:57:58.834 [main] DEBUG com.baomidou.mybatisplus.extension.plugins.inner.DataPermissionInterceptor - original SQL: SELECT * FROM entity e WHERE not (e.id = (select e1.id from entity1 e1 where e1.id = ?) and e.id = ?)
18:57:58.834 [main] DEBUG com.baomidou.mybatisplus.extension.plugins.inner.DataPermissionInterceptor - SQL to parse, SQL: SELECT * FROM entity e WHERE not (e.id = (select e1.id from entity1 e1 where e1.id = ?) and e.id = ?)
18:57:58.834 [main] DEBUG com.baomidou.mybatisplus.extension.plugins.inner.DataPermissionInterceptor - parse the finished SQL: SELECT * FROM entity e WHERE NOT (e.id = (SELECT e1.id FROM entity1 e1 WHERE e1.id = ? AND e1.tenant_id = 1) AND e.id = ?) AND e.tenant_id = 1
]]></system-out>
  </testcase>
  <testcase name="selectWithAs" classname="cn.iocoder.yudao.framework.datapermission.core.db.DataPermissionRuleHandlerTest" time="0.002">
    <system-out><![CDATA[18:57:58.835 [main] DEBUG com.baomidou.mybatisplus.extension.plugins.inner.DataPermissionInterceptor - original SQL: with with_as_A as (select * from entity) select * from with_as_A
18:57:58.836 [main] DEBUG com.baomidou.mybatisplus.extension.plugins.inner.DataPermissionInterceptor - SQL to parse, SQL: with with_as_A as (select * from entity) select * from with_as_A
18:57:58.837 [main] DEBUG com.baomidou.mybatisplus.extension.plugins.inner.DataPermissionInterceptor - parse the finished SQL: WITH with_as_A AS (SELECT * FROM entity WHERE entity.tenant_id = 1) SELECT * FROM with_as_A
]]></system-out>
  </testcase>
</testsuite>