<?xml version="1.0" encoding="UTF-8"?>
<testsuite xmlns:xsi="http://www.w3.org/2001/XMLSchema-instance" xsi:noNamespaceSchemaLocation="https://maven.apache.org/surefire/maven-surefire-plugin/xsd/surefire-test-report-3.0.xsd" version="3.0" name="cn.iocoder.yudao.module.system.service.logger.OperateLogServiceImplTest" time="0.194" tests="3" errors="0" skipped="0" failures="0">
  <properties>
[...]
</properties>
  <testcase name="testGetOperateLogPage_vo" classname="cn.iocoder.yudao.module.system.service.logger.OperateLogServiceImplTest" time="0.023">
    <system-out><![CDATA[ _ _   |_  _ _|_. ___ _ |    _ 
| | |\/|_)(_| | |_\  |_)||_|_\ 
     /               |         
                        3.5.9 
]]></system-out>
  </testcase>
  <testcase name="testCreateOperateLog" classname="cn.iocoder.yudao.module.system.service.logger.OperateLogServiceImplTest" time="0.004"/>
  <testcase name="testGetOperateLogPage_dto" classname="cn.iocoder.yudao.module.system.service.logger.OperateLogServiceImplTest" time="0.008"/>
</testsuite>