<?xml version="1.0" encoding="UTF-8"?>
<testsuite xmlns:xsi="http://www.w3.org/2001/XMLSchema-instance" xsi:noNamespaceSchemaLocation="https://maven.apache.org/surefire/maven-surefire-plugin/xsd/surefire-test-report-3.0.xsd" version="3.0" name="cn.iocoder.yudao.framework.dict.core.util.DictFrameworkUtilsTest" time="0.67" tests="2" errors="0" skipped="0" failures="0">
  <properties>
[...]
</properties>
  <testcase name="testParseDictDataValue" classname="cn.iocoder.yudao.framework.dict.core.util.DictFrameworkUtilsTest" time="0.653">
    <system-out><![CDATA[18:57:56.290 [main] INFO cn.iocoder.yudao.framework.dict.core.DictFrameworkUtils - [init][初始化 DictFrameworkUtils 成功]
18:57:56.302 [main] DEBUG uk.co.jemos.podam.api.PodamFactoryImpl - Manufacturing class cn.iocoder.yudao.module.system.api.dict.dto.DictDataRespDTO with parameters []
18:57:56.303 [main] DEBUG uk.co.jemos.podam.api.AbstractRandomDataProviderStrategy - Failed to find suitable manufacturer for type class cn.iocoder.yudao.module.system.api.dict.dto.DictDataRespDTO
18:57:56.303 [main] DEBUG uk.co.jemos.podam.api.PodamFactoryImpl - We could create an instance with constructor: public cn.iocoder.yudao.module.system.api.dict.dto.DictDataRespDTO()
18:57:56.303 [main] DEBUG uk.co.jemos.podam.api.PodamFactoryImpl - Populating pojo class cn.iocoder.yudao.module.system.api.dict.dto.DictDataRespDTO
18:57:56.304 [main] DEBUG uk.co.jemos.podam.api.PodamFactoryImpl - Populating read-write field public cn.iocoder.yudao.module.system.api.dict.dto.DictDataRespDTO cn.iocoder.yudao.module.system.api.dict.dto.DictDataRespDTO.setDictType(java.lang.String)
18:57:56.305 [main] DEBUG uk.co.jemos.podam.api.PodamFactoryImpl - Manufacturing class java.lang.String with parameters []
18:57:56.307 [main] DEBUG uk.co.jemos.podam.api.PodamFactoryImpl - Populating pojo class java.lang.String
18:57:56.307 [main] DEBUG uk.co.jemos.podam.api.PodamFactoryImpl - Populating read-write field public cn.iocoder.yudao.module.system.api.dict.dto.DictDataRespDTO cn.iocoder.yudao.module.system.api.dict.dto.DictDataRespDTO.setLabel(java.lang.String)
18:57:56.307 [main] DEBUG uk.co.jemos.podam.api.PodamFactoryImpl - Manufacturing class java.lang.String with parameters []
18:57:56.307 [main] DEBUG uk.co.jemos.podam.api.PodamFactoryImpl - Populating pojo class java.lang.String
18:57:56.308 [main] DEBUG uk.co.jemos.podam.api.PodamFactoryImpl - Populating read-write field public cn.iocoder.yudao.module.system.api.dict.dto.DictDataRespDTO cn.iocoder.yudao.module.system.api.dict.dto.DictDataRespDTO.setValue(java.lang.String)
18:57:56.308 [main] DEBUG uk.co.jemos.podam.api.PodamFactoryImpl - Manufacturing class java.lang.String with parameters []
18:57:56.308 [main] DEBUG uk.co.jemos.podam.api.PodamFactoryImpl - Populating pojo class java.lang.String
18:57:56.308 [main] DEBUG uk.co.jemos.podam.api.PodamFactoryImpl - Populating read-write field public cn.iocoder.yudao.module.system.api.dict.dto.DictDataRespDTO cn.iocoder.yudao.module.system.api.dict.dto.DictDataRespDTO.setStatus(java.lang.Integer)
18:57:56.308 [main] DEBUG uk.co.jemos.podam.api.PodamFactoryImpl - Manufacturing class java.lang.Integer with parameters []
18:57:56.309 [main] DEBUG uk.co.jemos.podam.api.PodamFactoryImpl - Populating pojo class java.lang.Integer
]]></system-out>
  </testcase>
  <testcase name="testGetDictDataLabel" classname="cn.iocoder.yudao.framework.dict.core.util.DictFrameworkUtilsTest" time="0.004">
    <system-out><![CDATA[18:57:56.338 [main] INFO cn.iocoder.yudao.framework.dict.core.DictFrameworkUtils - [init][初始化 DictFrameworkUtils 成功]
18:57:56.338 [main] DEBUG uk.co.jemos.podam.api.PodamFactoryImpl - Manufacturing class cn.iocoder.yudao.module.system.api.dict.dto.DictDataRespDTO with parameters []
18:57:56.338 [main] DEBUG uk.co.jemos.podam.api.AbstractRandomDataProviderStrategy - Failed to find suitable manufacturer for type class cn.iocoder.yudao.module.system.api.dict.dto.DictDataRespDTO
18:57:56.338 [main] DEBUG uk.co.jemos.podam.api.PodamFactoryImpl - We could create an instance with constructor: public cn.iocoder.yudao.module.system.api.dict.dto.DictDataRespDTO()
18:57:56.338 [main] DEBUG uk.co.jemos.podam.api.PodamFactoryImpl - Populating pojo class cn.iocoder.yudao.module.system.api.dict.dto.DictDataRespDTO
18:57:56.338 [main] DEBUG uk.co.jemos.podam.api.PodamFactoryImpl - Populating read-write field public cn.iocoder.yudao.module.system.api.dict.dto.DictDataRespDTO cn.iocoder.yudao.module.system.api.dict.dto.DictDataRespDTO.setDictType(java.lang.String)
18:57:56.338 [main] DEBUG uk.co.jemos.podam.api.PodamFactoryImpl - Manufacturing class java.lang.String with parameters []
18:57:56.338 [main] DEBUG uk.co.jemos.podam.api.PodamFactoryImpl - Populating pojo class java.lang.String
18:57:56.339 [main] DEBUG uk.co.jemos.podam.api.PodamFactoryImpl - Populating read-write field public cn.iocoder.yudao.module.system.api.dict.dto.DictDataRespDTO cn.iocoder.yudao.module.system.api.dict.dto.DictDataRespDTO.setLabel(java.lang.String)
18:57:56.339 [main] DEBUG uk.co.jemos.podam.api.PodamFactoryImpl - Manufacturing class java.lang.String with parameters []
18:57:56.339 [main] DEBUG uk.co.jemos.podam.api.PodamFactoryImpl - Populating pojo class java.lang.String
18:57:56.339 [main] DEBUG uk.co.jemos.podam.api.PodamFactoryImpl - Populating read-write field public cn.iocoder.yudao.module.system.api.dict.dto.DictDataRespDTO cn.iocoder.yudao.module.system.api.dict.dto.DictDataRespDTO.setValue(java.lang.String)
18:57:56.339 [main] DEBUG uk.co.jemos.podam.api.PodamFactoryImpl - Manufacturing class java.lang.String with parameters []
18:57:56.339 [main] DEBUG uk.co.jemos.podam.api.PodamFactoryImpl - Populating pojo class java.lang.String
18:57:56.340 [main] DEBUG uk.co.jemos.podam.api.PodamFactoryImpl - Populating read-write field public cn.iocoder.yudao.module.system.api.dict.dto.DictDataRespDTO cn.iocoder.yudao.module.system.api.dict.dto.DictDataRespDTO.setStatus(java.lang.Integer)
18:57:56.340 [main] DEBUG uk.co.jemos.podam.api.PodamFactoryImpl - Manufacturing class java.lang.Integer with parameters []
18:57:56.340 [main] DEBUG uk.co.jemos.podam.api.PodamFactoryImpl - Populating pojo class java.lang.Integer
]]></system-out>
  </testcase>
</testsuite>